2017-06-26 13:39:10,159 INFO  org.apache.flink.client.CliFrontend                           - --------------------------------------------------------------------------------
2017-06-26 13:39:10,180 INFO  org.apache.flink.client.CliFrontend                           -  Starting Command Line Client (Version: 1.3.0, Rev:760eea8, Date:26.05.2017 @ 14:06:53 UTC)
2017-06-26 13:39:10,180 INFO  org.apache.flink.client.CliFrontend                           -  Current user: root
2017-06-26 13:39:10,180 INFO  org.apache.flink.client.CliFrontend                           -  JVM: OpenJDK 64-Bit Server VM - Oracle Corporation - 1.8/25.131-b11
2017-06-26 13:39:10,180 INFO  org.apache.flink.client.CliFrontend                           -  Maximum heap size: 857 MiBytes
2017-06-26 13:39:10,180 INFO  org.apache.flink.client.CliFrontend                           -  JAVA_HOME: (not set)
2017-06-26 13:39:10,239 INFO  org.apache.flink.client.CliFrontend                           -  Hadoop version: 2.7.2
2017-06-26 13:39:10,239 INFO  org.apache.flink.client.CliFrontend                           -  JVM Options:
2017-06-26 13:39:10,240 INFO  org.apache.flink.client.CliFrontend                           -     -Dlog.file=/home/alessandro/Flink/log/flink-root-client-alessandro-Lenovo-G500.log
2017-06-26 13:39:10,240 INFO  org.apache.flink.client.CliFrontend                           -     -Dlog4j.configuration=file:/home/alessandro/Flink/conf/log4j-cli.properties
2017-06-26 13:39:10,240 INFO  org.apache.flink.client.CliFrontend                           -     -Dlogback.configurationFile=file:/home/alessandro/Flink/conf/logback.xml
2017-06-26 13:39:10,240 INFO  org.apache.flink.client.CliFrontend                           -  Program Arguments:
2017-06-26 13:39:10,240 INFO  org.apache.flink.client.CliFrontend                           -     run
2017-06-26 13:39:10,240 INFO  org.apache.flink.client.CliFrontend                           -     -c
2017-06-26 13:39:10,240 INFO  org.apache.flink.client.CliFrontend                           -     main.java.it.valenti.salome.flink.StreamingJobRabbit
2017-06-26 13:39:10,240 INFO  org.apache.flink.client.CliFrontend                           -     flink-0.0.1-SNAPSHOT-jar-with-dependencies.jar
2017-06-26 13:39:10,240 INFO  org.apache.flink.client.CliFrontend                           -     /home/alessandro/Scaricati/dataset.txt
2017-06-26 13:39:10,241 INFO  org.apache.flink.client.CliFrontend                           -  Classpath: /home/alessandro/Flink/lib/flink-python_2.10-1.3.0.jar:/home/alessandro/Flink/lib/flink-shaded-hadoop2-uber-1.3.0.jar:/home/alessandro/Flink/lib/log4j-1.2.17.jar:/home/alessandro/Flink/lib/slf4j-log4j12-1.7.7.jar:/home/alessandro/Flink/lib/flink-dist_2.10-1.3.0.jar:::
2017-06-26 13:39:10,241 INFO  org.apache.flink.client.CliFrontend                           - --------------------------------------------------------------------------------
2017-06-26 13:39:10,241 INFO  org.apache.flink.client.CliFrontend                           - Using configuration directory /home/alessandro/Flink/conf
2017-06-26 13:39:10,241 INFO  org.apache.flink.client.CliFrontend                           - Trying to load configuration file
2017-06-26 13:39:10,261 INFO  org.apache.flink.configuration.GlobalConfiguration            - Loading configuration property: jobmanager.rpc.address, localhost
2017-06-26 13:39:10,261 INFO  org.apache.flink.configuration.GlobalConfiguration            - Loading configuration property: jobmanager.rpc.port, 6123
2017-06-26 13:39:10,262 INFO  org.apache.flink.configuration.GlobalConfiguration            - Loading configuration property: jobmanager.heap.mb, 1024
2017-06-26 13:39:10,262 INFO  org.apache.flink.configuration.GlobalConfiguration            - Loading configuration property: taskmanager.heap.mb, 1024
2017-06-26 13:39:10,262 INFO  org.apache.flink.configuration.GlobalConfiguration            - Loading configuration property: taskmanager.numberOfTaskSlots, 1
2017-06-26 13:39:10,263 INFO  org.apache.flink.configuration.GlobalConfiguration            - Loading configuration property: taskmanager.memory.preallocate, false
2017-06-26 13:39:10,263 INFO  org.apache.flink.configuration.GlobalConfiguration            - Loading configuration property: parallelism.default, 1
2017-06-26 13:39:10,263 INFO  org.apache.flink.configuration.GlobalConfiguration            - Loading configuration property: jobmanager.web.port, 8081
2017-06-26 13:39:11,041 INFO  org.apache.flink.configuration.GlobalConfiguration            - Loading configuration property: jobmanager.rpc.address, localhost
2017-06-26 13:39:11,041 INFO  org.apache.flink.configuration.GlobalConfiguration            - Loading configuration property: jobmanager.rpc.port, 6123
2017-06-26 13:39:11,041 INFO  org.apache.flink.configuration.GlobalConfiguration            - Loading configuration property: jobmanager.heap.mb, 1024
2017-06-26 13:39:11,042 INFO  org.apache.flink.configuration.GlobalConfiguration            - Loading configuration property: taskmanager.heap.mb, 1024
2017-06-26 13:39:11,042 INFO  org.apache.flink.configuration.GlobalConfiguration            - Loading configuration property: taskmanager.numberOfTaskSlots, 1
2017-06-26 13:39:11,042 INFO  org.apache.flink.configuration.GlobalConfiguration            - Loading configuration property: taskmanager.memory.preallocate, false
2017-06-26 13:39:11,042 INFO  org.apache.flink.configuration.GlobalConfiguration            - Loading configuration property: parallelism.default, 1
2017-06-26 13:39:11,042 INFO  org.apache.flink.configuration.GlobalConfiguration            - Loading configuration property: jobmanager.web.port, 8081
2017-06-26 13:39:11,133 INFO  org.apache.flink.runtime.security.modules.HadoopModule        - Hadoop user set to root (auth:SIMPLE)
2017-06-26 13:39:11,465 INFO  org.apache.flink.client.CliFrontend                           - Running 'run' command.
2017-06-26 13:39:11,499 INFO  org.apache.flink.client.CliFrontend                           - Building program from JAR file
2017-06-26 13:39:12,011 INFO  org.apache.flink.client.CliFrontend                           - Cluster configuration: Standalone cluster with JobManager at localhost/127.0.0.1:6123
2017-06-26 13:39:12,012 INFO  org.apache.flink.client.CliFrontend                           - Using address localhost:6123 to connect to JobManager.
2017-06-26 13:39:12,012 INFO  org.apache.flink.client.CliFrontend                           - JobManager web interface address http://localhost:8081
2017-06-26 13:39:12,012 INFO  org.apache.flink.client.CliFrontend                           - Starting execution of program
2017-06-26 13:39:12,013 INFO  org.apache.flink.client.program.StandaloneClusterClient       - Starting program in interactive mode
2017-06-26 13:39:12,153 INFO  org.apache.flink.configuration.GlobalConfiguration            - Loading configuration property: jobmanager.rpc.address, localhost
2017-06-26 13:39:12,153 INFO  org.apache.flink.configuration.GlobalConfiguration            - Loading configuration property: jobmanager.rpc.port, 6123
2017-06-26 13:39:12,153 INFO  org.apache.flink.configuration.GlobalConfiguration            - Loading configuration property: jobmanager.heap.mb, 1024
2017-06-26 13:39:12,153 INFO  org.apache.flink.configuration.GlobalConfiguration            - Loading configuration property: taskmanager.heap.mb, 1024
2017-06-26 13:39:12,154 INFO  org.apache.flink.configuration.GlobalConfiguration            - Loading configuration property: taskmanager.numberOfTaskSlots, 1
2017-06-26 13:39:12,154 INFO  org.apache.flink.configuration.GlobalConfiguration            - Loading configuration property: taskmanager.memory.preallocate, false
2017-06-26 13:39:12,154 INFO  org.apache.flink.configuration.GlobalConfiguration            - Loading configuration property: parallelism.default, 1
2017-06-26 13:39:12,154 INFO  org.apache.flink.configuration.GlobalConfiguration            - Loading configuration property: jobmanager.web.port, 8081
2017-06-26 13:39:12,194 INFO  org.apache.flink.configuration.GlobalConfiguration            - Loading configuration property: jobmanager.rpc.address, localhost
2017-06-26 13:39:12,194 INFO  org.apache.flink.configuration.GlobalConfiguration            - Loading configuration property: jobmanager.rpc.port, 6123
2017-06-26 13:39:12,194 INFO  org.apache.flink.configuration.GlobalConfiguration            - Loading configuration property: jobmanager.heap.mb, 1024
2017-06-26 13:39:12,194 INFO  org.apache.flink.configuration.GlobalConfiguration            - Loading configuration property: taskmanager.heap.mb, 1024
2017-06-26 13:39:12,195 INFO  org.apache.flink.configuration.GlobalConfiguration            - Loading configuration property: taskmanager.numberOfTaskSlots, 1
2017-06-26 13:39:12,195 INFO  org.apache.flink.configuration.GlobalConfiguration            - Loading configuration property: taskmanager.memory.preallocate, false
2017-06-26 13:39:12,195 INFO  org.apache.flink.configuration.GlobalConfiguration            - Loading configuration property: parallelism.default, 1
2017-06-26 13:39:12,195 INFO  org.apache.flink.configuration.GlobalConfiguration            - Loading configuration property: jobmanager.web.port, 8081
2017-06-26 13:39:12,254 INFO  org.apache.flink.configuration.GlobalConfiguration            - Loading configuration property: jobmanager.rpc.address, localhost
2017-06-26 13:39:12,254 INFO  org.apache.flink.configuration.GlobalConfiguration            - Loading configuration property: jobmanager.rpc.port, 6123
2017-06-26 13:39:12,254 INFO  org.apache.flink.configuration.GlobalConfiguration            - Loading configuration property: jobmanager.heap.mb, 1024
2017-06-26 13:39:12,254 INFO  org.apache.flink.configuration.GlobalConfiguration            - Loading configuration property: taskmanager.heap.mb, 1024
2017-06-26 13:39:12,255 INFO  org.apache.flink.configuration.GlobalConfiguration            - Loading configuration property: taskmanager.numberOfTaskSlots, 1
2017-06-26 13:39:12,255 INFO  org.apache.flink.configuration.GlobalConfiguration            - Loading configuration property: taskmanager.memory.preallocate, false
2017-06-26 13:39:12,255 INFO  org.apache.flink.configuration.GlobalConfiguration            - Loading configuration property: parallelism.default, 1
2017-06-26 13:39:12,255 INFO  org.apache.flink.configuration.GlobalConfiguration            - Loading configuration property: jobmanager.web.port, 8081
2017-06-26 13:39:12,381 INFO  org.apache.flink.api.java.typeutils.TypeExtractor             - class org.apache.flink.streaming.api.functions.source.TimestampedFileInputSplit does not contain a setter for field modificationTime
2017-06-26 13:39:12,381 INFO  org.apache.flink.api.java.typeutils.TypeExtractor             - class org.apache.flink.streaming.api.functions.source.TimestampedFileInputSplit is not a valid POJO type because not all fields are valid POJO fields.
2017-06-26 13:39:12,532 INFO  org.apache.flink.configuration.GlobalConfiguration            - Loading configuration property: jobmanager.rpc.address, localhost
2017-06-26 13:39:12,532 INFO  org.apache.flink.configuration.GlobalConfiguration            - Loading configuration property: jobmanager.rpc.port, 6123
2017-06-26 13:39:12,532 INFO  org.apache.flink.configuration.GlobalConfiguration            - Loading configuration property: jobmanager.heap.mb, 1024
2017-06-26 13:39:12,532 INFO  org.apache.flink.configuration.GlobalConfiguration            - Loading configuration property: taskmanager.heap.mb, 1024
2017-06-26 13:39:12,532 INFO  org.apache.flink.configuration.GlobalConfiguration            - Loading configuration property: taskmanager.numberOfTaskSlots, 1
2017-06-26 13:39:12,532 INFO  org.apache.flink.configuration.GlobalConfiguration            - Loading configuration property: taskmanager.memory.preallocate, false
2017-06-26 13:39:12,533 INFO  org.apache.flink.configuration.GlobalConfiguration            - Loading configuration property: parallelism.default, 1
2017-06-26 13:39:12,533 INFO  org.apache.flink.configuration.GlobalConfiguration            - Loading configuration property: jobmanager.web.port, 8081
2017-06-26 13:39:12,534 INFO  org.apache.flink.api.java.typeutils.TypeExtractor             - class org.apache.flink.streaming.api.functions.source.TimestampedFileInputSplit does not contain a setter for field modificationTime
2017-06-26 13:39:12,534 INFO  org.apache.flink.api.java.typeutils.TypeExtractor             - class org.apache.flink.streaming.api.functions.source.TimestampedFileInputSplit is not a valid POJO type because not all fields are valid POJO fields.
2017-06-26 13:39:12,537 INFO  org.apache.flink.configuration.GlobalConfiguration            - Loading configuration property: jobmanager.rpc.address, localhost
2017-06-26 13:39:12,537 INFO  org.apache.flink.configuration.GlobalConfiguration            - Loading configuration property: jobmanager.rpc.port, 6123
2017-06-26 13:39:12,537 INFO  org.apache.flink.configuration.GlobalConfiguration            - Loading configuration property: jobmanager.heap.mb, 1024
2017-06-26 13:39:12,537 INFO  org.apache.flink.configuration.GlobalConfiguration            - Loading configuration property: taskmanager.heap.mb, 1024
2017-06-26 13:39:12,537 INFO  org.apache.flink.configuration.GlobalConfiguration            - Loading configuration property: taskmanager.numberOfTaskSlots, 1
2017-06-26 13:39:12,538 INFO  org.apache.flink.configuration.GlobalConfiguration            - Loading configuration property: taskmanager.memory.preallocate, false
2017-06-26 13:39:12,538 INFO  org.apache.flink.configuration.GlobalConfiguration            - Loading configuration property: parallelism.default, 1
2017-06-26 13:39:12,538 INFO  org.apache.flink.configuration.GlobalConfiguration            - Loading configuration property: jobmanager.web.port, 8081
2017-06-26 13:39:12,540 INFO  org.apache.flink.api.java.typeutils.TypeExtractor             - class org.apache.flink.streaming.api.functions.source.TimestampedFileInputSplit does not contain a setter for field modificationTime
2017-06-26 13:39:12,540 INFO  org.apache.flink.api.java.typeutils.TypeExtractor             - class org.apache.flink.streaming.api.functions.source.TimestampedFileInputSplit is not a valid POJO type because not all fields are valid POJO fields.
2017-06-26 13:39:12,542 INFO  org.apache.flink.configuration.GlobalConfiguration            - Loading configuration property: jobmanager.rpc.address, localhost
2017-06-26 13:39:12,543 INFO  org.apache.flink.configuration.GlobalConfiguration            - Loading configuration property: jobmanager.rpc.port, 6123
2017-06-26 13:39:12,543 INFO  org.apache.flink.configuration.GlobalConfiguration            - Loading configuration property: jobmanager.heap.mb, 1024
2017-06-26 13:39:12,543 INFO  org.apache.flink.configuration.GlobalConfiguration            - Loading configuration property: taskmanager.heap.mb, 1024
2017-06-26 13:39:12,543 INFO  org.apache.flink.configuration.GlobalConfiguration            - Loading configuration property: taskmanager.numberOfTaskSlots, 1
2017-06-26 13:39:12,543 INFO  org.apache.flink.configuration.GlobalConfiguration            - Loading configuration property: taskmanager.memory.preallocate, false
2017-06-26 13:39:12,543 INFO  org.apache.flink.configuration.GlobalConfiguration            - Loading configuration property: parallelism.default, 1
2017-06-26 13:39:12,543 INFO  org.apache.flink.configuration.GlobalConfiguration            - Loading configuration property: jobmanager.web.port, 8081
2017-06-26 13:39:12,544 INFO  org.apache.flink.api.java.typeutils.TypeExtractor             - class org.apache.flink.streaming.api.functions.source.TimestampedFileInputSplit does not contain a setter for field modificationTime
2017-06-26 13:39:12,544 INFO  org.apache.flink.api.java.typeutils.TypeExtractor             - class org.apache.flink.streaming.api.functions.source.TimestampedFileInputSplit is not a valid POJO type because not all fields are valid POJO fields.
2017-06-26 13:39:12,547 INFO  org.apache.flink.configuration.GlobalConfiguration            - Loading configuration property: jobmanager.rpc.address, localhost
2017-06-26 13:39:12,547 INFO  org.apache.flink.configuration.GlobalConfiguration            - Loading configuration property: jobmanager.rpc.port, 6123
2017-06-26 13:39:12,548 INFO  org.apache.flink.configuration.GlobalConfiguration            - Loading configuration property: jobmanager.heap.mb, 1024
2017-06-26 13:39:12,548 INFO  org.apache.flink.configuration.GlobalConfiguration            - Loading configuration property: taskmanager.heap.mb, 1024
2017-06-26 13:39:12,548 INFO  org.apache.flink.configuration.GlobalConfiguration            - Loading configuration property: taskmanager.numberOfTaskSlots, 1
2017-06-26 13:39:12,548 INFO  org.apache.flink.configuration.GlobalConfiguration            - Loading configuration property: taskmanager.memory.preallocate, false
2017-06-26 13:39:12,549 INFO  org.apache.flink.configuration.GlobalConfiguration            - Loading configuration property: parallelism.default, 1
2017-06-26 13:39:12,549 INFO  org.apache.flink.configuration.GlobalConfiguration            - Loading configuration property: jobmanager.web.port, 8081
2017-06-26 13:39:12,550 INFO  org.apache.flink.api.java.typeutils.TypeExtractor             - class org.apache.flink.streaming.api.functions.source.TimestampedFileInputSplit does not contain a setter for field modificationTime
2017-06-26 13:39:12,550 INFO  org.apache.flink.api.java.typeutils.TypeExtractor             - class org.apache.flink.streaming.api.functions.source.TimestampedFileInputSplit is not a valid POJO type because not all fields are valid POJO fields.
2017-06-26 13:39:12,554 INFO  org.apache.flink.configuration.GlobalConfiguration            - Loading configuration property: jobmanager.rpc.address, localhost
2017-06-26 13:39:12,554 INFO  org.apache.flink.configuration.GlobalConfiguration            - Loading configuration property: jobmanager.rpc.port, 6123
2017-06-26 13:39:12,554 INFO  org.apache.flink.configuration.GlobalConfiguration            - Loading configuration property: jobmanager.heap.mb, 1024
2017-06-26 13:39:12,555 INFO  org.apache.flink.configuration.GlobalConfiguration            - Loading configuration property: taskmanager.heap.mb, 1024
2017-06-26 13:39:12,555 INFO  org.apache.flink.configuration.GlobalConfiguration            - Loading configuration property: taskmanager.numberOfTaskSlots, 1
2017-06-26 13:39:12,555 INFO  org.apache.flink.configuration.GlobalConfiguration            - Loading configuration property: taskmanager.memory.preallocate, false
2017-06-26 13:39:12,555 INFO  org.apache.flink.configuration.GlobalConfiguration            - Loading configuration property: parallelism.default, 1
2017-06-26 13:39:12,555 INFO  org.apache.flink.configuration.GlobalConfiguration            - Loading configuration property: jobmanager.web.port, 8081
2017-06-26 13:39:12,557 INFO  org.apache.flink.api.java.typeutils.TypeExtractor             - class org.apache.flink.streaming.api.functions.source.TimestampedFileInputSplit does not contain a setter for field modificationTime
2017-06-26 13:39:12,557 INFO  org.apache.flink.api.java.typeutils.TypeExtractor             - class org.apache.flink.streaming.api.functions.source.TimestampedFileInputSplit is not a valid POJO type because not all fields are valid POJO fields.
2017-06-26 13:39:12,560 INFO  org.apache.flink.configuration.GlobalConfiguration            - Loading configuration property: jobmanager.rpc.address, localhost
2017-06-26 13:39:12,561 INFO  org.apache.flink.configuration.GlobalConfiguration            - Loading configuration property: jobmanager.rpc.port, 6123
2017-06-26 13:39:12,561 INFO  org.apache.flink.configuration.GlobalConfiguration            - Loading configuration property: jobmanager.heap.mb, 1024
2017-06-26 13:39:12,561 INFO  org.apache.flink.configuration.GlobalConfiguration            - Loading configuration property: taskmanager.heap.mb, 1024
2017-06-26 13:39:12,561 INFO  org.apache.flink.configuration.GlobalConfiguration            - Loading configuration property: taskmanager.numberOfTaskSlots, 1
2017-06-26 13:39:12,561 INFO  org.apache.flink.configuration.GlobalConfiguration            - Loading configuration property: taskmanager.memory.preallocate, false
2017-06-26 13:39:12,562 INFO  org.apache.flink.configuration.GlobalConfiguration            - Loading configuration property: parallelism.default, 1
2017-06-26 13:39:12,562 INFO  org.apache.flink.configuration.GlobalConfiguration            - Loading configuration property: jobmanager.web.port, 8081
2017-06-26 13:39:12,563 INFO  org.apache.flink.api.java.typeutils.TypeExtractor             - class org.apache.flink.streaming.api.functions.source.TimestampedFileInputSplit does not contain a setter for field modificationTime
2017-06-26 13:39:12,563 INFO  org.apache.flink.api.java.typeutils.TypeExtractor             - class org.apache.flink.streaming.api.functions.source.TimestampedFileInputSplit is not a valid POJO type because not all fields are valid POJO fields.
2017-06-26 13:39:12,567 INFO  org.apache.flink.configuration.GlobalConfiguration            - Loading configuration property: jobmanager.rpc.address, localhost
2017-06-26 13:39:12,567 INFO  org.apache.flink.configuration.GlobalConfiguration            - Loading configuration property: jobmanager.rpc.port, 6123
2017-06-26 13:39:12,567 INFO  org.apache.flink.configuration.GlobalConfiguration            - Loading configuration property: jobmanager.heap.mb, 1024
2017-06-26 13:39:12,567 INFO  org.apache.flink.configuration.GlobalConfiguration            - Loading configuration property: taskmanager.heap.mb, 1024
2017-06-26 13:39:12,567 INFO  org.apache.flink.configuration.GlobalConfiguration            - Loading configuration property: taskmanager.numberOfTaskSlots, 1
2017-06-26 13:39:12,567 INFO  org.apache.flink.configuration.GlobalConfiguration            - Loading configuration property: taskmanager.memory.preallocate, false
2017-06-26 13:39:12,567 INFO  org.apache.flink.configuration.GlobalConfiguration            - Loading configuration property: parallelism.default, 1
2017-06-26 13:39:12,568 INFO  org.apache.flink.configuration.GlobalConfiguration            - Loading configuration property: jobmanager.web.port, 8081
2017-06-26 13:39:12,568 INFO  org.apache.flink.api.java.typeutils.TypeExtractor             - class org.apache.flink.streaming.api.functions.source.TimestampedFileInputSplit does not contain a setter for field modificationTime
2017-06-26 13:39:12,568 INFO  org.apache.flink.api.java.typeutils.TypeExtractor             - class org.apache.flink.streaming.api.functions.source.TimestampedFileInputSplit is not a valid POJO type because not all fields are valid POJO fields.
2017-06-26 13:39:12,571 INFO  org.apache.flink.configuration.GlobalConfiguration            - Loading configuration property: jobmanager.rpc.address, localhost
2017-06-26 13:39:12,571 INFO  org.apache.flink.configuration.GlobalConfiguration            - Loading configuration property: jobmanager.rpc.port, 6123
2017-06-26 13:39:12,572 INFO  org.apache.flink.configuration.GlobalConfiguration            - Loading configuration property: jobmanager.heap.mb, 1024
2017-06-26 13:39:12,572 INFO  org.apache.flink.configuration.GlobalConfiguration            - Loading configuration property: taskmanager.heap.mb, 1024
2017-06-26 13:39:12,572 INFO  org.apache.flink.configuration.GlobalConfiguration            - Loading configuration property: taskmanager.numberOfTaskSlots, 1
2017-06-26 13:39:12,572 INFO  org.apache.flink.configuration.GlobalConfiguration            - Loading configuration property: taskmanager.memory.preallocate, false
2017-06-26 13:39:12,572 INFO  org.apache.flink.configuration.GlobalConfiguration            - Loading configuration property: parallelism.default, 1
2017-06-26 13:39:12,572 INFO  org.apache.flink.configuration.GlobalConfiguration            - Loading configuration property: jobmanager.web.port, 8081
2017-06-26 13:39:12,574 INFO  org.apache.flink.api.java.typeutils.TypeExtractor             - class org.apache.flink.streaming.api.functions.source.TimestampedFileInputSplit does not contain a setter for field modificationTime
2017-06-26 13:39:12,574 INFO  org.apache.flink.api.java.typeutils.TypeExtractor             - class org.apache.flink.streaming.api.functions.source.TimestampedFileInputSplit is not a valid POJO type because not all fields are valid POJO fields.
2017-06-26 13:39:12,577 INFO  org.apache.flink.configuration.GlobalConfiguration            - Loading configuration property: jobmanager.rpc.address, localhost
2017-06-26 13:39:12,577 INFO  org.apache.flink.configuration.GlobalConfiguration            - Loading configuration property: jobmanager.rpc.port, 6123
2017-06-26 13:39:12,577 INFO  org.apache.flink.configuration.GlobalConfiguration            - Loading configuration property: jobmanager.heap.mb, 1024
2017-06-26 13:39:12,578 INFO  org.apache.flink.configuration.GlobalConfiguration            - Loading configuration property: taskmanager.heap.mb, 1024
2017-06-26 13:39:12,578 INFO  org.apache.flink.configuration.GlobalConfiguration            - Loading configuration property: taskmanager.numberOfTaskSlots, 1
2017-06-26 13:39:12,578 INFO  org.apache.flink.configuration.GlobalConfiguration            - Loading configuration property: taskmanager.memory.preallocate, false
2017-06-26 13:39:12,578 INFO  org.apache.flink.configuration.GlobalConfiguration            - Loading configuration property: parallelism.default, 1
2017-06-26 13:39:12,578 INFO  org.apache.flink.configuration.GlobalConfiguration            - Loading configuration property: jobmanager.web.port, 8081
2017-06-26 13:39:12,579 INFO  org.apache.flink.api.java.typeutils.TypeExtractor             - class org.apache.flink.streaming.api.functions.source.TimestampedFileInputSplit does not contain a setter for field modificationTime
2017-06-26 13:39:12,579 INFO  org.apache.flink.api.java.typeutils.TypeExtractor             - class org.apache.flink.streaming.api.functions.source.TimestampedFileInputSplit is not a valid POJO type because not all fields are valid POJO fields.
2017-06-26 13:39:12,949 INFO  org.apache.flink.client.program.StandaloneClusterClient       - Starting client actor system.
2017-06-26 13:39:12,951 INFO  org.apache.flink.runtime.util.LeaderRetrievalUtils            - Trying to select the network interface and address to use by connecting to the leading JobManager.
2017-06-26 13:39:12,951 INFO  org.apache.flink.runtime.util.LeaderRetrievalUtils            - TaskManager will try to connect for 10000 milliseconds before falling back to heuristics
2017-06-26 13:39:12,952 INFO  org.apache.flink.runtime.net.ConnectionUtils                  - Retrieved new target address localhost/127.0.0.1:6123.
2017-06-26 13:39:18,391 INFO  akka.event.slf4j.Slf4jLogger                                  - Slf4jLogger started
2017-06-26 13:39:18,752 INFO  Remoting                                                      - Starting remoting
2017-06-26 13:39:20,947 INFO  Remoting                                                      - Remoting started; listening on addresses :[akka.tcp://flink@alessandro-Lenovo-G500:42891]
2017-06-26 13:39:20,954 INFO  org.apache.flink.client.program.StandaloneClusterClient       - Submitting job with JobID: ba69909e1c463fe733662046025ba8cb. Waiting for job completion.
2017-06-26 13:39:20,994 INFO  org.apache.flink.runtime.client.JobSubmissionClientActor      - Received SubmitJobAndWait(JobGraph(jobId: ba69909e1c463fe733662046025ba8cb)) but there is no connection to a JobManager yet.
2017-06-26 13:39:20,996 INFO  org.apache.flink.runtime.client.JobSubmissionClientActor      - Received job Flink Streaming Java API Skeleton (ba69909e1c463fe733662046025ba8cb).
2017-06-26 13:39:20,996 INFO  org.apache.flink.runtime.client.JobSubmissionClientActor      - Disconnect from JobManager null.
2017-06-26 13:39:30,492 INFO  org.apache.flink.runtime.client.JobSubmissionClientActor      - Connect to JobManager Actor[akka.tcp://flink@localhost:6123/user/jobmanager#-522250506].
2017-06-26 13:39:30,498 INFO  org.apache.flink.runtime.client.JobSubmissionClientActor      - Connected to JobManager at Actor[akka.tcp://flink@localhost:6123/user/jobmanager#-522250506] with leader session id 00000000-0000-0000-0000-000000000000.
2017-06-26 13:39:30,498 INFO  org.apache.flink.runtime.client.JobSubmissionClientActor      - Sending message to JobManager akka.tcp://flink@localhost:6123/user/jobmanager to submit job Flink Streaming Java API Skeleton (ba69909e1c463fe733662046025ba8cb) and wait for progress
2017-06-26 13:39:30,766 INFO  org.apache.flink.runtime.client.JobSubmissionClientActor      - Upload jar files to job manager akka.tcp://flink@localhost:6123/user/jobmanager.
2017-06-26 13:39:30,975 INFO  org.apache.flink.runtime.blob.BlobClient                      - Blob client connecting to akka.tcp://flink@localhost:6123/user/jobmanager
2017-06-26 13:39:35,086 INFO  org.apache.flink.runtime.client.JobSubmissionClientActor      - Submit job to the job manager akka.tcp://flink@localhost:6123/user/jobmanager.
2017-06-26 13:39:41,706 INFO  org.apache.flink.runtime.client.JobSubmissionClientActor      - Job ba69909e1c463fe733662046025ba8cb was successfully submitted to the JobManager akka://flink/deadLetters.
2017-06-26 13:39:41,782 INFO  org.apache.flink.runtime.client.JobSubmissionClientActor      - 06/26/2017 13:39:41	Job execution switched to status RUNNING.
2017-06-26 13:39:41,815 INFO  org.apache.flink.runtime.client.JobSubmissionClientActor      - 06/26/2017 13:39:41	Source: Custom File Source(1/1) switched to SCHEDULED 
2017-06-26 13:39:41,965 INFO  org.apache.flink.runtime.client.JobSubmissionClientActor      - 06/26/2017 13:39:41	Source: Custom File Source(1/1) switched to SCHEDULED 
2017-06-26 13:39:41,968 INFO  org.apache.flink.runtime.client.JobSubmissionClientActor      - 06/26/2017 13:39:41	Source: Custom File Source(1/1) switched to SCHEDULED 
2017-06-26 13:39:41,971 INFO  org.apache.flink.runtime.client.JobSubmissionClientActor      - 06/26/2017 13:39:41	Source: Custom File Source(1/1) switched to SCHEDULED 
2017-06-26 13:39:41,973 INFO  org.apache.flink.runtime.client.JobSubmissionClientActor      - 06/26/2017 13:39:41	Source: Custom File Source(1/1) switched to SCHEDULED 
2017-06-26 13:39:41,978 INFO  org.apache.flink.runtime.client.JobSubmissionClientActor      - 06/26/2017 13:39:41	Source: Custom File Source(1/1) switched to SCHEDULED 
2017-06-26 13:39:41,986 INFO  org.apache.flink.runtime.client.JobSubmissionClientActor      - 06/26/2017 13:39:41	Source: Custom File Source(1/1) switched to SCHEDULED 
2017-06-26 13:39:41,988 INFO  org.apache.flink.runtime.client.JobSubmissionClientActor      - 06/26/2017 13:39:41	Source: Custom File Source(1/1) switched to SCHEDULED 
2017-06-26 13:39:41,990 INFO  org.apache.flink.runtime.client.JobSubmissionClientActor      - 06/26/2017 13:39:41	Source: Custom File Source(1/1) switched to SCHEDULED 
2017-06-26 13:39:41,998 INFO  org.apache.flink.runtime.client.JobSubmissionClientActor      - 06/26/2017 13:39:41	Source: Custom File Source(1/1) switched to SCHEDULED 
2017-06-26 13:39:41,999 INFO  org.apache.flink.runtime.client.JobSubmissionClientActor      - 06/26/2017 13:39:41	Split Reader: Custom File Source -> Sink: Unnamed(1/1) switched to SCHEDULED 
2017-06-26 13:39:42,001 INFO  org.apache.flink.runtime.client.JobSubmissionClientActor      - 06/26/2017 13:39:41	Split Reader: Custom File Source -> Sink: Unnamed(1/1) switched to SCHEDULED 
2017-06-26 13:39:42,003 INFO  org.apache.flink.runtime.client.JobSubmissionClientActor      - 06/26/2017 13:39:41	Split Reader: Custom File Source -> Sink: Unnamed(1/1) switched to SCHEDULED 
2017-06-26 13:39:42,004 INFO  org.apache.flink.runtime.client.JobSubmissionClientActor      - 06/26/2017 13:39:41	Split Reader: Custom File Source -> Sink: Unnamed(1/1) switched to SCHEDULED 
2017-06-26 13:39:42,005 INFO  org.apache.flink.runtime.client.JobSubmissionClientActor      - 06/26/2017 13:39:41	Split Reader: Custom File Source -> Sink: Unnamed(1/1) switched to SCHEDULED 
2017-06-26 13:39:42,007 INFO  org.apache.flink.runtime.client.JobSubmissionClientActor      - 06/26/2017 13:39:41	Split Reader: Custom File Source -> Sink: Unnamed(1/1) switched to SCHEDULED 
2017-06-26 13:39:42,009 INFO  org.apache.flink.runtime.client.JobSubmissionClientActor      - 06/26/2017 13:39:41	Split Reader: Custom File Source -> Sink: Unnamed(1/1) switched to SCHEDULED 
2017-06-26 13:39:42,010 INFO  org.apache.flink.runtime.client.JobSubmissionClientActor      - 06/26/2017 13:39:41	Split Reader: Custom File Source -> Sink: Unnamed(1/1) switched to SCHEDULED 
2017-06-26 13:39:42,012 INFO  org.apache.flink.runtime.client.JobSubmissionClientActor      - 06/26/2017 13:39:41	Split Reader: Custom File Source -> Sink: Unnamed(1/1) switched to SCHEDULED 
2017-06-26 13:39:42,013 INFO  org.apache.flink.runtime.client.JobSubmissionClientActor      - 06/26/2017 13:39:41	Split Reader: Custom File Source -> Sink: Unnamed(1/1) switched to SCHEDULED 
2017-06-26 13:39:42,127 INFO  org.apache.flink.runtime.client.JobSubmissionClientActor      - 06/26/2017 13:39:42	Source: Custom File Source(1/1) switched to DEPLOYING 
2017-06-26 13:39:42,403 INFO  org.apache.flink.runtime.client.JobSubmissionClientActor      - 06/26/2017 13:39:42	Source: Custom File Source(1/1) switched to DEPLOYING 
2017-06-26 13:39:42,448 INFO  org.apache.flink.runtime.client.JobSubmissionClientActor      - 06/26/2017 13:39:42	Source: Custom File Source(1/1) switched to DEPLOYING 
2017-06-26 13:39:42,448 INFO  org.apache.flink.runtime.client.JobSubmissionClientActor      - 06/26/2017 13:39:42	Source: Custom File Source(1/1) switched to DEPLOYING 
2017-06-26 13:39:42,449 INFO  org.apache.flink.runtime.client.JobSubmissionClientActor      - 06/26/2017 13:39:42	Source: Custom File Source(1/1) switched to DEPLOYING 
2017-06-26 13:39:42,462 INFO  org.apache.flink.runtime.client.JobSubmissionClientActor      - 06/26/2017 13:39:42	Source: Custom File Source(1/1) switched to DEPLOYING 
2017-06-26 13:39:42,466 INFO  org.apache.flink.runtime.client.JobSubmissionClientActor      - 06/26/2017 13:39:42	Source: Custom File Source(1/1) switched to DEPLOYING 
2017-06-26 13:39:42,468 INFO  org.apache.flink.runtime.client.JobSubmissionClientActor      - 06/26/2017 13:39:42	Source: Custom File Source(1/1) switched to DEPLOYING 
2017-06-26 13:39:42,509 INFO  org.apache.flink.runtime.client.JobSubmissionClientActor      - 06/26/2017 13:39:42	Source: Custom File Source(1/1) switched to DEPLOYING 
2017-06-26 13:39:42,512 INFO  org.apache.flink.runtime.client.JobSubmissionClientActor      - 06/26/2017 13:39:42	Source: Custom File Source(1/1) switched to DEPLOYING 
2017-06-26 13:39:42,514 INFO  org.apache.flink.runtime.client.JobSubmissionClientActor      - 06/26/2017 13:39:42	Split Reader: Custom File Source -> Sink: Unnamed(1/1) switched to DEPLOYING 
2017-06-26 13:39:42,595 INFO  org.apache.flink.runtime.client.JobSubmissionClientActor      - 06/26/2017 13:39:42	Split Reader: Custom File Source -> Sink: Unnamed(1/1) switched to DEPLOYING 
2017-06-26 13:39:42,598 INFO  org.apache.flink.runtime.client.JobSubmissionClientActor      - 06/26/2017 13:39:42	Split Reader: Custom File Source -> Sink: Unnamed(1/1) switched to DEPLOYING 
2017-06-26 13:39:42,600 INFO  org.apache.flink.runtime.client.JobSubmissionClientActor      - 06/26/2017 13:39:42	Split Reader: Custom File Source -> Sink: Unnamed(1/1) switched to DEPLOYING 
2017-06-26 13:39:42,604 INFO  org.apache.flink.runtime.client.JobSubmissionClientActor      - 06/26/2017 13:39:42	Split Reader: Custom File Source -> Sink: Unnamed(1/1) switched to DEPLOYING 
2017-06-26 13:39:42,610 INFO  org.apache.flink.runtime.client.JobSubmissionClientActor      - 06/26/2017 13:39:42	Split Reader: Custom File Source -> Sink: Unnamed(1/1) switched to DEPLOYING 
2017-06-26 13:39:42,610 INFO  org.apache.flink.runtime.client.JobSubmissionClientActor      - 06/26/2017 13:39:42	Split Reader: Custom File Source -> Sink: Unnamed(1/1) switched to DEPLOYING 
2017-06-26 13:39:42,611 INFO  org.apache.flink.runtime.client.JobSubmissionClientActor      - 06/26/2017 13:39:42	Split Reader: Custom File Source -> Sink: Unnamed(1/1) switched to DEPLOYING 
2017-06-26 13:39:42,612 INFO  org.apache.flink.runtime.client.JobSubmissionClientActor      - 06/26/2017 13:39:42	Split Reader: Custom File Source -> Sink: Unnamed(1/1) switched to DEPLOYING 
2017-06-26 13:39:42,614 INFO  org.apache.flink.runtime.client.JobSubmissionClientActor      - 06/26/2017 13:39:42	Split Reader: Custom File Source -> Sink: Unnamed(1/1) switched to DEPLOYING 
2017-06-26 13:39:45,555 INFO  org.apache.flink.runtime.client.JobSubmissionClientActor      - 06/26/2017 13:39:45	Split Reader: Custom File Source -> Sink: Unnamed(1/1) switched to RUNNING 
2017-06-26 13:39:45,558 INFO  org.apache.flink.runtime.client.JobSubmissionClientActor      - 06/26/2017 13:39:45	Source: Custom File Source(1/1) switched to RUNNING 
2017-06-26 13:39:45,558 INFO  org.apache.flink.runtime.client.JobSubmissionClientActor      - 06/26/2017 13:39:45	Source: Custom File Source(1/1) switched to RUNNING 
2017-06-26 13:39:45,560 INFO  org.apache.flink.runtime.client.JobSubmissionClientActor      - 06/26/2017 13:39:45	Split Reader: Custom File Source -> Sink: Unnamed(1/1) switched to RUNNING 
2017-06-26 13:39:45,566 INFO  org.apache.flink.runtime.client.JobSubmissionClientActor      - 06/26/2017 13:39:45	Split Reader: Custom File Source -> Sink: Unnamed(1/1) switched to RUNNING 
2017-06-26 13:39:45,568 INFO  org.apache.flink.runtime.client.JobSubmissionClientActor      - 06/26/2017 13:39:45	Split Reader: Custom File Source -> Sink: Unnamed(1/1) switched to RUNNING 
2017-06-26 13:39:45,571 INFO  org.apache.flink.runtime.client.JobSubmissionClientActor      - 06/26/2017 13:39:45	Source: Custom File Source(1/1) switched to RUNNING 
2017-06-26 13:39:45,573 INFO  org.apache.flink.runtime.client.JobSubmissionClientActor      - 06/26/2017 13:39:45	Source: Custom File Source(1/1) switched to RUNNING 
2017-06-26 13:39:45,575 INFO  org.apache.flink.runtime.client.JobSubmissionClientActor      - 06/26/2017 13:39:45	Split Reader: Custom File Source -> Sink: Unnamed(1/1) switched to RUNNING 
2017-06-26 13:39:45,576 INFO  org.apache.flink.runtime.client.JobSubmissionClientActor      - 06/26/2017 13:39:45	Split Reader: Custom File Source -> Sink: Unnamed(1/1) switched to RUNNING 
2017-06-26 13:39:45,578 INFO  org.apache.flink.runtime.client.JobSubmissionClientActor      - 06/26/2017 13:39:45	Source: Custom File Source(1/1) switched to RUNNING 
2017-06-26 13:39:45,580 INFO  org.apache.flink.runtime.client.JobSubmissionClientActor      - 06/26/2017 13:39:45	Split Reader: Custom File Source -> Sink: Unnamed(1/1) switched to RUNNING 
2017-06-26 13:39:45,584 INFO  org.apache.flink.runtime.client.JobSubmissionClientActor      - 06/26/2017 13:39:45	Source: Custom File Source(1/1) switched to RUNNING 
2017-06-26 13:39:45,585 INFO  org.apache.flink.runtime.client.JobSubmissionClientActor      - 06/26/2017 13:39:45	Split Reader: Custom File Source -> Sink: Unnamed(1/1) switched to RUNNING 
2017-06-26 13:39:45,587 INFO  org.apache.flink.runtime.client.JobSubmissionClientActor      - 06/26/2017 13:39:45	Source: Custom File Source(1/1) switched to RUNNING 
2017-06-26 13:39:45,591 INFO  org.apache.flink.runtime.client.JobSubmissionClientActor      - 06/26/2017 13:39:45	Split Reader: Custom File Source -> Sink: Unnamed(1/1) switched to RUNNING 
2017-06-26 13:39:45,595 INFO  org.apache.flink.runtime.client.JobSubmissionClientActor      - 06/26/2017 13:39:45	Source: Custom File Source(1/1) switched to RUNNING 
2017-06-26 13:39:45,595 INFO  org.apache.flink.runtime.client.JobSubmissionClientActor      - 06/26/2017 13:39:45	Source: Custom File Source(1/1) switched to RUNNING 
2017-06-26 13:39:45,595 INFO  org.apache.flink.runtime.client.JobSubmissionClientActor      - 06/26/2017 13:39:45	Source: Custom File Source(1/1) switched to RUNNING 
2017-06-26 13:39:45,596 INFO  org.apache.flink.runtime.client.JobSubmissionClientActor      - 06/26/2017 13:39:45	Split Reader: Custom File Source -> Sink: Unnamed(1/1) switched to RUNNING 
2017-06-26 13:39:54,611 INFO  org.apache.flink.runtime.client.JobSubmissionClientActor      - 06/26/2017 13:39:54	Source: Custom File Source(1/1) switched to FAILED 
java.io.FileNotFoundException: The provided file path 98,10629378295176356,26406,-6869,1070,1166235,7161971,-5706,3485,-7435,-2410,-8454,-4765 does not exist.
	at org.apache.flink.streaming.api.functions.source.ContinuousFileMonitoringFunction.run(ContinuousFileMonitoringFunction.java:192)
	at org.apache.flink.streaming.api.operators.StreamSource.run(StreamSource.java:87)
	at org.apache.flink.streaming.api.operators.StreamSource.run(StreamSource.java:55)
	at org.apache.flink.streaming.runtime.tasks.SourceStreamTask.run(SourceStreamTask.java:95)
	at org.apache.flink.streaming.runtime.tasks.StreamTask.invoke(StreamTask.java:262)
	at org.apache.flink.runtime.taskmanager.Task.run(Task.java:702)
	at java.lang.Thread.run(Thread.java:748)

2017-06-26 13:39:54,612 INFO  org.apache.flink.runtime.client.JobSubmissionClientActor      - 06/26/2017 13:39:54	Source: Custom File Source(1/1) switched to FAILED 
java.io.FileNotFoundException: The provided file path 98,10629347605342274,26406,-6869,1070,1166235,7161971,-5706,3485,-7435,-2410,-8454,-4765 does not exist.
	at org.apache.flink.streaming.api.functions.source.ContinuousFileMonitoringFunction.run(ContinuousFileMonitoringFunction.java:192)
	at org.apache.flink.streaming.api.operators.StreamSource.run(StreamSource.java:87)
	at org.apache.flink.streaming.api.operators.StreamSource.run(StreamSource.java:55)
	at org.apache.flink.streaming.runtime.tasks.SourceStreamTask.run(SourceStreamTask.java:95)
	at org.apache.flink.streaming.runtime.tasks.StreamTask.invoke(StreamTask.java:262)
	at org.apache.flink.runtime.taskmanager.Task.run(Task.java:702)
	at java.lang.Thread.run(Thread.java:748)

2017-06-26 13:39:54,614 INFO  org.apache.flink.runtime.client.JobSubmissionClientActor      - 06/26/2017 13:39:54	Source: Custom File Source(1/1) switched to FAILED 
java.io.FileNotFoundException: The provided file path 98,10629352720314738,26406,-6869,1070,1166235,7161971,-5706,3485,-7435,-2410,-8454,-4765 does not exist.
	at org.apache.flink.streaming.api.functions.source.ContinuousFileMonitoringFunction.run(ContinuousFileMonitoringFunction.java:192)
	at org.apache.flink.streaming.api.operators.StreamSource.run(StreamSource.java:87)
	at org.apache.flink.streaming.api.operators.StreamSource.run(StreamSource.java:55)
	at org.apache.flink.streaming.runtime.tasks.SourceStreamTask.run(SourceStreamTask.java:95)
	at org.apache.flink.streaming.runtime.tasks.StreamTask.invoke(StreamTask.java:262)
	at org.apache.flink.runtime.taskmanager.Task.run(Task.java:702)
	at java.lang.Thread.run(Thread.java:748)

2017-06-26 13:39:54,620 INFO  org.apache.flink.runtime.client.JobSubmissionClientActor      - 06/26/2017 13:39:54	Source: Custom File Source(1/1) switched to FAILED 
java.io.FileNotFoundException: The provided file path 98,10629373180203890,26406,-6869,1070,1166235,7161971,-5706,3485,-7435,-2410,-8454,-4765 does not exist.
	at org.apache.flink.streaming.api.functions.source.ContinuousFileMonitoringFunction.run(ContinuousFileMonitoringFunction.java:192)
	at org.apache.flink.streaming.api.operators.StreamSource.run(StreamSource.java:87)
	at org.apache.flink.streaming.api.operators.StreamSource.run(StreamSource.java:55)
	at org.apache.flink.streaming.runtime.tasks.SourceStreamTask.run(SourceStreamTask.java:95)
	at org.apache.flink.streaming.runtime.tasks.StreamTask.invoke(StreamTask.java:262)
	at org.apache.flink.runtime.taskmanager.Task.run(Task.java:702)
	at java.lang.Thread.run(Thread.java:748)

2017-06-26 13:39:54,621 INFO  org.apache.flink.runtime.client.JobSubmissionClientActor      - 06/26/2017 13:39:54	Source: Custom File Source(1/1) switched to FAILED 
java.io.FileNotFoundException: The provided file path 98,10629383410148822,26406,-6869,1070,1166235,7161971,-5706,3485,-7435,-2410,-8454,-4765 does not exist.
	at org.apache.flink.streaming.api.functions.source.ContinuousFileMonitoringFunction.run(ContinuousFileMonitoringFunction.java:192)
	at org.apache.flink.streaming.api.operators.StreamSource.run(StreamSource.java:87)
	at org.apache.flink.streaming.api.operators.StreamSource.run(StreamSource.java:55)
	at org.apache.flink.streaming.runtime.tasks.SourceStreamTask.run(SourceStreamTask.java:95)
	at org.apache.flink.streaming.runtime.tasks.StreamTask.invoke(StreamTask.java:262)
	at org.apache.flink.runtime.taskmanager.Task.run(Task.java:702)
	at java.lang.Thread.run(Thread.java:748)

2017-06-26 13:39:54,622 INFO  org.apache.flink.runtime.client.JobSubmissionClientActor      - 06/26/2017 13:39:54	Source: Custom File Source(1/1) switched to FAILED 
java.io.FileNotFoundException: The provided file path 69,10632024809835772,27679,-221,1011,553570,2481132,-9441,2048,2580,-8913,1107,4396 does not exist.
	at org.apache.flink.streaming.api.functions.source.ContinuousFileMonitoringFunction.run(ContinuousFileMonitoringFunction.java:192)
	at org.apache.flink.streaming.api.operators.StreamSource.run(StreamSource.java:87)
	at org.apache.flink.streaming.api.operators.StreamSource.run(StreamSource.java:55)
	at org.apache.flink.streaming.runtime.tasks.SourceStreamTask.run(SourceStreamTask.java:95)
	at org.apache.flink.streaming.runtime.tasks.StreamTask.invoke(StreamTask.java:262)
	at org.apache.flink.runtime.taskmanager.Task.run(Task.java:702)
	at java.lang.Thread.run(Thread.java:748)

2017-06-26 13:39:54,639 INFO  org.apache.flink.runtime.client.JobSubmissionClientActor      - 06/26/2017 13:39:54	Source: Custom File Source(1/1) switched to FAILED 
java.io.FileNotFoundException: The provided file path 98,10629362950259427,26406,-6869,1070,1166235,7161971,-5706,3485,-7435,-2410,-8454,-4765 does not exist.
	at org.apache.flink.streaming.api.functions.source.ContinuousFileMonitoringFunction.run(ContinuousFileMonitoringFunction.java:192)
	at org.apache.flink.streaming.api.operators.StreamSource.run(StreamSource.java:87)
	at org.apache.flink.streaming.api.operators.StreamSource.run(StreamSource.java:55)
	at org.apache.flink.streaming.runtime.tasks.SourceStreamTask.run(SourceStreamTask.java:95)
	at org.apache.flink.streaming.runtime.tasks.StreamTask.invoke(StreamTask.java:262)
	at org.apache.flink.runtime.taskmanager.Task.run(Task.java:702)
	at java.lang.Thread.run(Thread.java:748)

2017-06-26 13:39:54,641 INFO  org.apache.flink.runtime.client.JobSubmissionClientActor      - 06/26/2017 13:39:54	Source: Custom File Source(1/1) switched to FAILED 
java.io.FileNotFoundException: The provided file path 98,10629342490369879,26406,-6869,1070,1166235,7161971,-5706,3485,-7435,-2410,-8454,-4765 does not exist.
	at org.apache.flink.streaming.api.functions.source.ContinuousFileMonitoringFunction.run(ContinuousFileMonitoringFunction.java:192)
	at org.apache.flink.streaming.api.operators.StreamSource.run(StreamSource.java:87)
	at org.apache.flink.streaming.api.operators.StreamSource.run(StreamSource.java:55)
	at org.apache.flink.streaming.runtime.tasks.SourceStreamTask.run(SourceStreamTask.java:95)
	at org.apache.flink.streaming.runtime.tasks.StreamTask.invoke(StreamTask.java:262)
	at org.apache.flink.runtime.taskmanager.Task.run(Task.java:702)
	at java.lang.Thread.run(Thread.java:748)

2017-06-26 13:39:54,643 INFO  org.apache.flink.runtime.client.JobSubmissionClientActor      - 06/26/2017 13:39:54	Source: Custom File Source(1/1) switched to FAILED 
java.io.FileNotFoundException: The provided file path 98,10629357835286658,26406,-6869,1070,1166235,7161971,-5706,3485,-7435,-2410,-8454,-4765 does not exist.
	at org.apache.flink.streaming.api.functions.source.ContinuousFileMonitoringFunction.run(ContinuousFileMonitoringFunction.java:192)
	at org.apache.flink.streaming.api.operators.StreamSource.run(StreamSource.java:87)
	at org.apache.flink.streaming.api.operators.StreamSource.run(StreamSource.java:55)
	at org.apache.flink.streaming.runtime.tasks.SourceStreamTask.run(SourceStreamTask.java:95)
	at org.apache.flink.streaming.runtime.tasks.StreamTask.invoke(StreamTask.java:262)
	at org.apache.flink.runtime.taskmanager.Task.run(Task.java:702)
	at java.lang.Thread.run(Thread.java:748)

2017-06-26 13:39:54,648 INFO  org.apache.flink.runtime.client.JobSubmissionClientActor      - 06/26/2017 13:39:54	Source: Custom File Source(1/1) switched to FAILED 
java.io.FileNotFoundException: The provided file path 98,10629368065231435,26406,-6869,1070,1166235,7161971,-5706,3485,-7435,-2410,-8454,-4765 does not exist.
	at org.apache.flink.streaming.api.functions.source.ContinuousFileMonitoringFunction.run(ContinuousFileMonitoringFunction.java:192)
	at org.apache.flink.streaming.api.operators.StreamSource.run(StreamSource.java:87)
	at org.apache.flink.streaming.api.operators.StreamSource.run(StreamSource.java:55)
	at org.apache.flink.streaming.runtime.tasks.SourceStreamTask.run(SourceStreamTask.java:95)
	at org.apache.flink.streaming.runtime.tasks.StreamTask.invoke(StreamTask.java:262)
	at org.apache.flink.runtime.taskmanager.Task.run(Task.java:702)
	at java.lang.Thread.run(Thread.java:748)

2017-06-26 13:39:54,659 INFO  org.apache.flink.runtime.client.JobSubmissionClientActor      - 06/26/2017 13:39:54	Job execution switched to status FAILING.
java.io.FileNotFoundException: The provided file path 98,10629378295176356,26406,-6869,1070,1166235,7161971,-5706,3485,-7435,-2410,-8454,-4765 does not exist.
	at org.apache.flink.streaming.api.functions.source.ContinuousFileMonitoringFunction.run(ContinuousFileMonitoringFunction.java:192)
	at org.apache.flink.streaming.api.operators.StreamSource.run(StreamSource.java:87)
	at org.apache.flink.streaming.api.operators.StreamSource.run(StreamSource.java:55)
	at org.apache.flink.streaming.runtime.tasks.SourceStreamTask.run(SourceStreamTask.java:95)
	at org.apache.flink.streaming.runtime.tasks.StreamTask.invoke(StreamTask.java:262)
	at org.apache.flink.runtime.taskmanager.Task.run(Task.java:702)
	at java.lang.Thread.run(Thread.java:748)
2017-06-26 13:39:54,823 INFO  org.apache.flink.runtime.client.JobSubmissionClientActor      - 06/26/2017 13:39:54	Split Reader: Custom File Source -> Sink: Unnamed(1/1) switched to CANCELING 
2017-06-26 13:39:55,274 INFO  org.apache.flink.runtime.client.JobSubmissionClientActor      - 06/26/2017 13:39:55	Split Reader: Custom File Source -> Sink: Unnamed(1/1) switched to CANCELING 
2017-06-26 13:39:55,275 INFO  org.apache.flink.runtime.client.JobSubmissionClientActor      - 06/26/2017 13:39:55	Split Reader: Custom File Source -> Sink: Unnamed(1/1) switched to CANCELING 
2017-06-26 13:39:55,275 INFO  org.apache.flink.runtime.client.JobSubmissionClientActor      - 06/26/2017 13:39:55	Split Reader: Custom File Source -> Sink: Unnamed(1/1) switched to CANCELING 
2017-06-26 13:39:55,275 INFO  org.apache.flink.runtime.client.JobSubmissionClientActor      - 06/26/2017 13:39:55	Split Reader: Custom File Source -> Sink: Unnamed(1/1) switched to CANCELING 
2017-06-26 13:39:55,276 INFO  org.apache.flink.runtime.client.JobSubmissionClientActor      - 06/26/2017 13:39:55	Split Reader: Custom File Source -> Sink: Unnamed(1/1) switched to CANCELING 
2017-06-26 13:39:55,276 INFO  org.apache.flink.runtime.client.JobSubmissionClientActor      - 06/26/2017 13:39:55	Split Reader: Custom File Source -> Sink: Unnamed(1/1) switched to CANCELING 
2017-06-26 13:39:55,276 INFO  org.apache.flink.runtime.client.JobSubmissionClientActor      - 06/26/2017 13:39:55	Split Reader: Custom File Source -> Sink: Unnamed(1/1) switched to CANCELING 
2017-06-26 13:39:55,276 INFO  org.apache.flink.runtime.client.JobSubmissionClientActor      - 06/26/2017 13:39:55	Split Reader: Custom File Source -> Sink: Unnamed(1/1) switched to CANCELING 
2017-06-26 13:39:55,277 INFO  org.apache.flink.runtime.client.JobSubmissionClientActor      - 06/26/2017 13:39:55	Split Reader: Custom File Source -> Sink: Unnamed(1/1) switched to CANCELING 
2017-06-26 13:40:00,788 INFO  org.apache.flink.runtime.client.JobSubmissionClientActor      - 06/26/2017 13:40:00	Split Reader: Custom File Source -> Sink: Unnamed(1/1) switched to CANCELED 
2017-06-26 13:40:00,797 INFO  org.apache.flink.runtime.client.JobSubmissionClientActor      - 06/26/2017 13:40:00	Split Reader: Custom File Source -> Sink: Unnamed(1/1) switched to CANCELED 
2017-06-26 13:40:00,797 INFO  org.apache.flink.runtime.client.JobSubmissionClientActor      - 06/26/2017 13:40:00	Split Reader: Custom File Source -> Sink: Unnamed(1/1) switched to CANCELED 
2017-06-26 13:40:00,808 INFO  org.apache.flink.runtime.client.JobSubmissionClientActor      - 06/26/2017 13:40:00	Split Reader: Custom File Source -> Sink: Unnamed(1/1) switched to CANCELED 
2017-06-26 13:40:00,808 INFO  org.apache.flink.runtime.client.JobSubmissionClientActor      - 06/26/2017 13:40:00	Split Reader: Custom File Source -> Sink: Unnamed(1/1) switched to CANCELED 
2017-06-26 13:40:00,811 INFO  org.apache.flink.runtime.client.JobSubmissionClientActor      - 06/26/2017 13:40:00	Split Reader: Custom File Source -> Sink: Unnamed(1/1) switched to CANCELED 
2017-06-26 13:40:00,811 INFO  org.apache.flink.runtime.client.JobSubmissionClientActor      - 06/26/2017 13:40:00	Split Reader: Custom File Source -> Sink: Unnamed(1/1) switched to CANCELED 
2017-06-26 13:40:00,812 INFO  org.apache.flink.runtime.client.JobSubmissionClientActor      - 06/26/2017 13:40:00	Split Reader: Custom File Source -> Sink: Unnamed(1/1) switched to CANCELED 
2017-06-26 13:40:00,817 INFO  org.apache.flink.runtime.client.JobSubmissionClientActor      - 06/26/2017 13:40:00	Split Reader: Custom File Source -> Sink: Unnamed(1/1) switched to CANCELED 
2017-06-26 13:40:00,821 INFO  org.apache.flink.runtime.client.JobSubmissionClientActor      - 06/26/2017 13:40:00	Split Reader: Custom File Source -> Sink: Unnamed(1/1) switched to CANCELED 
2017-06-26 13:40:00,823 INFO  org.apache.flink.runtime.client.JobSubmissionClientActor      - 06/26/2017 13:40:00	Job execution switched to status FAILED.
2017-06-26 13:40:01,271 INFO  org.apache.flink.runtime.client.JobSubmissionClientActor      - Terminate JobClientActor.
2017-06-26 13:40:01,271 INFO  org.apache.flink.runtime.client.JobSubmissionClientActor      - Disconnect from JobManager Actor[akka.tcp://flink@localhost:6123/user/jobmanager#-522250506].
2017-06-26 13:40:01,272 INFO  org.apache.flink.runtime.client.JobClient                     - Job execution failed
2017-06-26 13:40:01,275 ERROR org.apache.flink.client.CliFrontend                           - Error while running the command.
org.apache.flink.client.program.ProgramInvocationException: The program execution failed: Job execution failed.
	at org.apache.flink.client.program.ClusterClient.run(ClusterClient.java:478)
	at org.apache.flink.client.program.StandaloneClusterClient.submitJob(StandaloneClusterClient.java:105)
	at org.apache.flink.client.program.ClusterClient.run(ClusterClient.java:442)
	at org.apache.flink.streaming.api.environment.StreamContextEnvironment.execute(StreamContextEnvironment.java:71)
	at main.java.it.valenti.salome.flink.StreamingJobRabbit.main(StreamingJobRabbit.java:67)
	at sun.reflect.NativeMethodAccessorImpl.invoke0(Native Method)
	at sun.reflect.NativeMethodAccessorImpl.invoke(NativeMethodAccessorImpl.java:62)
	at sun.reflect.DelegatingMethodAccessorImpl.invoke(DelegatingMethodAccessorImpl.java:43)
	at java.lang.reflect.Method.invoke(Method.java:498)
	at org.apache.flink.client.program.PackagedProgram.callMainMethod(PackagedProgram.java:528)
	at org.apache.flink.client.program.PackagedProgram.invokeInteractiveModeForExecution(PackagedProgram.java:419)
	at org.apache.flink.client.program.ClusterClient.run(ClusterClient.java:381)
	at org.apache.flink.client.CliFrontend.executeProgram(CliFrontend.java:838)
	at org.apache.flink.client.CliFrontend.run(CliFrontend.java:259)
	at org.apache.flink.client.CliFrontend.parseParameters(CliFrontend.java:1086)
	at org.apache.flink.client.CliFrontend$2.call(CliFrontend.java:1133)
	at org.apache.flink.client.CliFrontend$2.call(CliFrontend.java:1130)
	at org.apache.flink.runtime.security.HadoopSecurityContext$1.run(HadoopSecurityContext.java:43)
	at java.security.AccessController.doPrivileged(Native Method)
	at javax.security.auth.Subject.doAs(Subject.java:422)
	at org.apache.hadoop.security.UserGroupInformation.doAs(UserGroupInformation.java:1657)
	at org.apache.flink.runtime.security.HadoopSecurityContext.runSecured(HadoopSecurityContext.java:40)
	at org.apache.flink.client.CliFrontend.main(CliFrontend.java:1129)
Caused by: org.apache.flink.runtime.client.JobExecutionException: Job execution failed.
	at org.apache.flink.runtime.jobmanager.JobManager$$anonfun$handleMessage$1$$anonfun$applyOrElse$7.apply$mcV$sp(JobManager.scala:933)
	at org.apache.flink.runtime.jobmanager.JobManager$$anonfun$handleMessage$1$$anonfun$applyOrElse$7.apply(JobManager.scala:876)
	at org.apache.flink.runtime.jobmanager.JobManager$$anonfun$handleMessage$1$$anonfun$applyOrElse$7.apply(JobManager.scala:876)
	at scala.concurrent.impl.Future$PromiseCompletingRunnable.liftedTree1$1(Future.scala:24)
	at scala.concurrent.impl.Future$PromiseCompletingRunnable.run(Future.scala:24)
	at akka.dispatch.TaskInvocation.run(AbstractDispatcher.scala:40)
	at akka.dispatch.ForkJoinExecutorConfigurator$AkkaForkJoinTask.exec(AbstractDispatcher.scala:397)
	at scala.concurrent.forkjoin.ForkJoinTask.doExec(ForkJoinTask.java:260)
	at scala.concurrent.forkjoin.ForkJoinPool$WorkQueue.runTask(ForkJoinPool.java:1339)
	at scala.concurrent.forkjoin.ForkJoinPool.runWorker(ForkJoinPool.java:1979)
	at scala.concurrent.forkjoin.ForkJoinWorkerThread.run(ForkJoinWorkerThread.java:107)
Caused by: java.io.FileNotFoundException: The provided file path 98,10629378295176356,26406,-6869,1070,1166235,7161971,-5706,3485,-7435,-2410,-8454,-4765 does not exist.
	at org.apache.flink.streaming.api.functions.source.ContinuousFileMonitoringFunction.run(ContinuousFileMonitoringFunction.java:192)
	at org.apache.flink.streaming.api.operators.StreamSource.run(StreamSource.java:87)
	at org.apache.flink.streaming.api.operators.StreamSource.run(StreamSource.java:55)
	at org.apache.flink.streaming.runtime.tasks.SourceStreamTask.run(SourceStreamTask.java:95)
	at org.apache.flink.streaming.runtime.tasks.StreamTask.invoke(StreamTask.java:262)
	at org.apache.flink.runtime.taskmanager.Task.run(Task.java:702)
	at java.lang.Thread.run(Thread.java:748)
2017-06-26 13:40:01,290 INFO  akka.remote.RemoteActorRefProvider$RemotingTerminator         - Shutting down remote daemon.
2017-06-26 13:40:01,292 INFO  akka.remote.RemoteActorRefProvider$RemotingTerminator         - Remote daemon shut down; proceeding with flushing remote transports.
2017-06-26 13:40:01,331 INFO  akka.remote.RemoteActorRefProvider$RemotingTerminator         - Remoting shut down.
